Unity Editor version:    2020.3.19f1 (68f137dc9bbe)
Branch:                  2020.3/staging
Build type:              Release
Batch mode:              YES
macOS version:           Version 12.0.1 (Build 21A558)
Darwin version:          21.1.0
Architecture:            x86_64
Running under Rosetta:   NO
Available memory:        16384 MB
Using pre-set license
Pro License: NO

COMMAND LINE ARGUMENTS:
/Applications/Unity/Hub/Editor/2020.3.19f1/Unity.app/Contents/MacOS/Unity
-adb2
-batchMode
-noUpm
-name
AssetImportWorker0
-projectPath
/Users/alexandersartakov/Proger/POC/Real POC
-logFile
Logs/AssetImportWorker0.log
-srvPort
65462
Successfully changed project path to: /Users/alexandersartakov/Proger/POC/Real POC
/Users/alexandersartakov/Proger/POC/Real POC
Using Asset Import Pipeline V2.
Refreshing native plugins compatible for Editor in 62.59 ms, found 3 plugins.
Preloading 0 native plugins for Editor in 0.00 ms.
Initialize engine version: 2020.3.19f1 (68f137dc9bbe)
[Subsystems] Discovering subsystems at path /Applications/Unity/Hub/Editor/2020.3.19f1/Unity.app/Contents/Resources/UnitySubsystems
[Subsystems] Discovering subsystems at path /Users/alexandersartakov/Proger/POC/Real POC/Assets
GfxDevice: creating device client; threaded=0
2021-10-20 03:02:15.498 Unity[9288:335386] Mi Monitor preferred device: AMD Radeon Pro 5500M (high power)
2021-10-20 03:02:15.498 Unity[9288:335386] Metal devices available: 2
2021-10-20 03:02:15.498 Unity[9288:335386] 0: AMD Radeon Pro 5500M (high power)
2021-10-20 03:02:15.498 Unity[9288:335386] 1: Intel(R) UHD Graphics 630 (low power)
2021-10-20 03:02:15.499 Unity[9288:335386] Using device AMD Radeon Pro 5500M (high power)
Initializing Metal device caps: AMD Radeon Pro 5500M
Initialize mono
Mono path[0] = '/Applications/Unity/Hub/Editor/2020.3.19f1/Unity.app/Contents/Managed'
Mono path[1] = '/Applications/Unity/Hub/Editor/2020.3.19f1/Unity.app/Contents/MonoBleedingEdge/lib/mono/unityjit'
Mono config path = '/Applications/Unity/Hub/Editor/2020.3.19f1/Unity.app/Contents/MonoBleedingEdge/etc'
Using monoOptions --debugger-agent=transport=dt_socket,embedding=1,server=y,suspend=n,address=127.0.0.1:56288
Begin MonoManager ReloadAssembly
Registering precompiled unity dll's ...
Register platform support module: /Applications/Unity/Hub/Editor/2020.3.19f1/Unity.app/Contents/PlaybackEngines/MacStandaloneSupport/UnityEditor.OSXStandalone.Extensions.dll
Registered in 0.002677 seconds.
Native extension for OSXStandalone target not found
Refreshing native plugins compatible for Editor in 58.42 ms, found 3 plugins.
Preloading 0 native plugins for Editor in 0.00 ms.
Mono: successfully reloaded assembly
- Completed reload, in  3.918 seconds
Domain Reload Profiling:
	ReloadAssembly (3918ms)
		BeginReloadAssembly (65ms)
			ExecutionOrderSort (0ms)
			DisableScriptedObjects (0ms)
			BackupInstance (0ms)
			ReleaseScriptingObjects (0ms)
			CreateAndSetChildDomain (1ms)
		EndReloadAssembly (645ms)
			LoadAssemblies (65ms)
			RebuildTransferFunctionScriptingTraits (0ms)
			SetupTypeCache (255ms)
			ReleaseScriptCaches (0ms)
			RebuildScriptCaches (54ms)
			SetupLoadedEditorAssemblies (259ms)
				LogAssemblyErrors (0ms)
				InitializePlatformSupportModulesInManaged (5ms)
				SetLoadedEditorAssemblies (0ms)
				RefreshPlugins (58ms)
				BeforeProcessingInitializeOnLoad (14ms)
				ProcessInitializeOnLoadAttributes (136ms)
				ProcessInitializeOnLoadMethodAttributes (45ms)
				AfterProcessingInitializeOnLoad (0ms)
				EditorAssembliesLoaded (0ms)
			ExecutionOrderSort2 (0ms)
			AwakeInstancesAfterBackupRestoration (0ms)
Platform modules already initialized, skipping
Registering precompiled user dll's ...
Registered in 0.005883 seconds.
Begin MonoManager ReloadAssembly
Native extension for OSXStandalone target not found
Refreshing native plugins compatible for Editor in 57.32 ms, found 3 plugins.
Preloading 0 native plugins for Editor in 0.00 ms.
Mono: successfully reloaded assembly
- Completed reload, in  1.683 seconds
Domain Reload Profiling:
	ReloadAssembly (1685ms)
		BeginReloadAssembly (219ms)
			ExecutionOrderSort (0ms)
			DisableScriptedObjects (7ms)
			BackupInstance (0ms)
			ReleaseScriptingObjects (0ms)
			CreateAndSetChildDomain (30ms)
		EndReloadAssembly (1374ms)
			LoadAssemblies (137ms)
			RebuildTransferFunctionScriptingTraits (0ms)
			SetupTypeCache (478ms)
			ReleaseScriptCaches (1ms)
			RebuildScriptCaches (81ms)
			SetupLoadedEditorAssemblies (496ms)
				LogAssemblyErrors (0ms)
				InitializePlatformSupportModulesInManaged (6ms)
				SetLoadedEditorAssemblies (0ms)
				RefreshPlugins (57ms)
				BeforeProcessingInitializeOnLoad (86ms)
				ProcessInitializeOnLoadAttributes (327ms)
				ProcessInitializeOnLoadMethodAttributes (18ms)
				AfterProcessingInitializeOnLoad (2ms)
				EditorAssembliesLoaded (0ms)
			ExecutionOrderSort2 (0ms)
			AwakeInstancesAfterBackupRestoration (10ms)
Platform modules already initialized, skipping
Validating Project structure ... 0.000464 seconds.
Shader import version has changed; will reimport all shaders...
Upgrading shader files ...0.000525 seconds.
Application.AssetDatabase Initial Script Refresh Start
RefreshInfo: InitialScriptRefreshV2(NoUpdateAssetOptions) scanfilter:  ... 1 filters
RefreshProfiler: Total: 0.000ms
Application.AssetDatabase Initial Script Refresh End
Application.AssetDatabase.Refresh Start
Application.AssetDatabase.Refresh End
RefreshInfo: StopAssetImportingV2(ForceSynchronousImport) scanfilter: 
RefreshProfiler: Total: 0.000ms
Launching external process: /Applications/Unity/Hub/Editor/2020.3.19f1/Unity.app/Contents/Tools/UnityShaderCompiler
Launched and connected shader compiler UnityShaderCompiler after 0.02 seconds
Initializing Unity extensions:
[C# Project] Writing /Users/alexandersartakov/Proger/POC/Real POC/Real POC.sln because it has changed
[C# Project] First difference on line 4

[C# Project] Current /Users/alexandersartakov/Proger/POC/Real POC/Real POC.sln:
[C# Project]   004: Project("{FAE04EC0-301F-11D3-BF4B-00C04F79EFBC}") = "Assembly-CSharp", "Assembly-CSharp.csproj", "{8626B471-A3E1-4C3E-ADB4-8121C9D81BD3}"
[C# Project]   005: EndProject
[C# Project]   006: Global
[C# Project]   007: 	GlobalSection(SolutionConfigurationPlatforms) = preSolution
[C# Project]   008: 		Debug|Any CPU = Debug|Any CPU

[C# Project] New /Users/alexandersartakov/Proger/POC/Real POC/Real POC.sln:
[C# Project]   004: Project("{FAE04EC0-301F-11D3-BF4B-00C04F79EFBC}") = "Unity.2D.PixelPerfect.Tests", "Unity.2D.PixelPerfect.Tests.csproj", "{2C318AF5-905B-8C03-D86C-44754CCDE69C}"
[C# Project]   005: EndProject
[C# Project]   006: Project("{FAE04EC0-301F-11D3-BF4B-00C04F79EFBC}") = "UnityEngine.TestRunner", "UnityEngine.TestRunner.csproj", "{21B80AAA-E3F7-205D-899D-28FA9E4B691A}"
[C# Project]   007: EndProject
[C# Project]   008: Project("{FAE04EC0-301F-11D3-BF4B-00C04F79EFBC}") = "Unity.Mathematics", "Unity.Mathematics.csproj", "{848170CC-FF5C-A45B-9FDC-D92863B08611}"
[C# Project] Writing /Users/alexandersartakov/Proger/POC/Real POC/Assembly-CSharp.csproj because it has changed
[C# Project] First difference on line 620

[C# Project] Current /Users/alexandersartakov/Proger/POC/Real POC/Assembly-CSharp.csproj:
[C# Project]   620:  <Reference Include="Unity.2D.Animation.Editor">
[C# Project]   621:  <HintPath>/Users/alexandersartakov/Proger/POC/Real POC/Library/ScriptAssemblies/Unity.2D.Animation.Editor.dll</HintPath>
[C# Project]   622:  </Reference>
[C# Project]   623:  <Reference Include="Unity.InternalAPIEngineBridge.001">
[C# Project]   624:  <HintPath>/Users/alexandersartakov/Proger/POC/Real POC/Library/ScriptAssemblies/Unity.InternalAPIEngineBridge.001.dll</HintPath>

[C# Project] New /Users/alexandersartakov/Proger/POC/Real POC/Assembly-CSharp.csproj:
[C# Project]   620:   </ItemGroup>
[C# Project]   621:   <ItemGroup>
[C# Project]   622:     <ProjectReference Include="Unity.2D.Animation.Editor.csproj">
[C# Project]   623:       <Project>{9F7DDD13-11F6-18AF-E8C2-BF848FC45D7D}</Project>
[C# Project]   624:       <Name>Unity.2D.Animation.Editor</Name>
2021-10-20 03:02:23.879 Unity[9288:335386] NSEventModifierFlagFunction specified to -setKeyEquivalentModifierMask: for item <NSMenuItem: 0x600000174620 Font Asset, ke='Command-F12'>, but is only supported for system-provided menu items; will not be used
2021-10-20 03:02:23.884 Unity[9288:335386] NSEventModifierFlagFunction specified to -setKeyEquivalentModifierMask: for item <NSMenuItem: 0x600000185ab0 Font Asset, ke='Command-F12'>, but is only supported for system-provided menu items; will not be used
========================================================================
Worker process is ready to serve import requests
Refreshing native plugins compatible for Editor in 0.73 ms, found 3 plugins.
Preloading 0 native plugins for Editor in 0.00 ms.
Unloading 2095 Unused Serialized files (Serialized files now loaded: 0)
System memory in use before: 230.1 MB.
System memory in use after: 229.3 MB.

Unloading 102 unused Assets to reduce memory usage. Loaded Objects now: 2574.
Total: 5.089976 ms (FindLiveObjects: 0.263304 ms CreateObjectMapping: 0.111487 ms MarkObjects: 3.991233 ms  DeleteObjects: 0.722802 ms)

AssetImportParameters requested are different than current active one (requested -> active):
  custom:video-decoder-ogg-theora: a1e56fd34408186e4bbccfd4996cb3dc -> 
  custom:container-muxer-webm: aa71ff27fc2769a1b78a27578f13a17b -> 
  custom:container-demuxer-webm: 4f35f7cbe854078d1ac9338744f61a02 -> 
  custom:container-demuxer-ogg: 62fdf1f143b41e24485cea50d1cbac27 -> 
  custom:video-encoder-webm-vp8: eb34c28f22e8b96e1ab97ce403110664 -> 
  custom:framework-osx-AVFoundation: e770b220cccbd017edd2c1fefb359320 -> 
  custom:video-decoder-webm-vp8: 9c59270c3fd7afecdb556c50c9e8de78 -> 
  custom:audio-decoder-ogg-vorbis: bf7c407c2cedff20999df2af8eb42d56 -> 
  custom:audio-encoder-webm-vorbis: bf7c407c2cedff20999df2af8eb42d56 -> 
========================================================================
Received Import Request.
  path: Assets/scripts/WinScreen.cs
  artifactKey: Guid(762ca04358d69a64eaeb9ccc91234760) Importer(815301076,1909f56bfc062723c751e8b465ee728b)
Start importing Assets/scripts/WinScreen.cs using Guid(762ca04358d69a64eaeb9ccc91234760) Importer(815301076,1909f56bfc062723c751e8b465ee728b)  -> (artifact id: '1f6d9abb1c6c40b006e96528197172e1') in 2.840182 seconds 
  Import took 2.846254 seconds .

========================================================================
Received Import Request.
  Time since last request: 10.058500 seconds.
  path: Assets/scripts/MainGame.cs
  artifactKey: Guid(415e7737fce051346a00825fc6842431) Importer(815301076,1909f56bfc062723c751e8b465ee728b)
Start importing Assets/scripts/MainGame.cs using Guid(415e7737fce051346a00825fc6842431) Importer(815301076,1909f56bfc062723c751e8b465ee728b)  -> (artifact id: 'e4d6eb2182180b808b6e2fd2bd586b32') in 0.004063 seconds 
  Import took 0.008827 seconds .

========================================================================
Received Import Request.
  Time since last request: 14.808009 seconds.
  path: Assets/scripts/Choosedamage.cs
  artifactKey: Guid(3fadddf6060c1be4ea50dedc1db82962) Importer(815301076,1909f56bfc062723c751e8b465ee728b)
Start importing Assets/scripts/Choosedamage.cs using Guid(3fadddf6060c1be4ea50dedc1db82962) Importer(815301076,1909f56bfc062723c751e8b465ee728b)  -> (artifact id: '0c14e9a10e5e8e3a338ff65968bdb636') in 0.004778 seconds 
  Import took 0.009121 seconds .

AssetImportWorkerClient::OnTransportError - code=2 error=End of file
